This file contains any messages produced by compilers while
running configure, to aid debugging if configure makes a mistake.

It was created by bootstrapingproject configure bootstrapingproject_version, which was
generated by GNU Autoconf 2.68.  Invocation command line was

  $ ./configure --no-create --no-recursion

## --------- ##
## Platform. ##
## --------- ##

hostname = gwen-elementary
uname -m = x86_64
uname -r = 3.2.0-44-generic
uname -s = Linux
uname -v = #69-Ubuntu SMP Thu May 16 17:35:01 UTC 2013

/usr/bin/uname -p = unknown
/bin/uname -X     = unknown

/bin/arch              = unknown
/usr/bin/arch -k       = unknown
/usr/convex/getsysinfo = unknown
/usr/bin/hostinfo      = unknown
/bin/machine           = unknown
/usr/bin/oslevel       = unknown
/bin/universe          = unknown

PATH: /usr/lib/lightdm/lightdm
PATH: /usr/local/sbin
PATH: /usr/local/bin
PATH: /usr/sbin
PATH: /usr/bin
PATH: /sbin
PATH: /bin
PATH: /usr/games


## ----------- ##
## Core tests. ##
## ----------- ##

configure:2318: checking whether make supports nested variables
configure:2335: result: yes
configure:2399: checking for a BSD-compatible install
configure:2467: result: /usr/bin/install -c
configure:2478: checking whether build environment is sane
configure:2528: result: yes
configure:2669: checking for a thread-safe mkdir -p
configure:2708: result: /bin/mkdir -p
configure:2721: checking for gawk
configure:2751: result: no
configure:2721: checking for mawk
configure:2737: found /usr/bin/mawk
configure:2748: result: mawk
configure:2759: checking whether make sets $(MAKE)
configure:2781: result: yes
configure:2856: checking how to create a ustar tar archive
configure:2869: tar --version
tar (GNU tar) 1.26
Copyright (C) 2011 Free Software Foundation, Inc.
License GPLv3+: GNU GPL version 3 or later <http://gnu.org/licenses/gpl.html>.
This is free software: you are free to change and redistribute it.
There is NO WARRANTY, to the extent permitted by law.

Written by John Gilmore and Jay Fenlason.
configure:2872: $? = 0
configure:2912: tardir=conftest.dir && eval tar --format=ustar -chf - "$tardir" >conftest.tar
configure:2915: $? = 0
configure:2919: tar -xf - <conftest.tar
configure:2922: $? = 0
configure:2935: result: gnutar
configure:2943: checking whether to enable maintainer-specific portions of Makefiles
configure:2952: result: no
configure:3014: checking for gcc
configure:3030: found /usr/bin/gcc
configure:3041: result: gcc
configure:3270: checking for C compiler version
configure:3279: gcc --version >&5
gcc (Ubuntu/Linaro 4.6.3-1ubuntu5) 4.6.3
Copyright (C) 2011 Free Software Foundation, Inc.
This is free software; see the source for copying conditions.  There is NO
warranty; not even for MERCHANTABILITY or FITNESS FOR A PARTICULAR PURPOSE.

configure:3290: $? = 0
configure:3279: gcc -v >&5
Using built-in specs.
COLLECT_GCC=gcc
COLLECT_LTO_WRAPPER=/usr/lib/gcc/x86_64-linux-gnu/4.6/lto-wrapper
Target: x86_64-linux-gnu
Configured with: ../src/configure -v --with-pkgversion='Ubuntu/Linaro 4.6.3-1ubuntu5' --with-bugurl=file:///usr/share/doc/gcc-4.6/README.Bugs --enable-languages=c,c++,fortran,objc,obj-c++ --prefix=/usr --program-suffix=-4.6 --enable-shared --enable-linker-build-id --with-system-zlib --libexecdir=/usr/lib --without-included-gettext --enable-threads=posix --with-gxx-include-dir=/usr/include/c++/4.6 --libdir=/usr/lib --enable-nls --with-sysroot=/ --enable-clocale=gnu --enable-libstdcxx-debug --enable-libstdcxx-time=yes --enable-gnu-unique-object --enable-plugin --enable-objc-gc --disable-werror --with-arch-32=i686 --with-tune=generic --enable-checking=release --build=x86_64-linux-gnu --host=x86_64-linux-gnu --target=x86_64-linux-gnu
Thread model: posix
gcc version 4.6.3 (Ubuntu/Linaro 4.6.3-1ubuntu5) 
configure:3290: $? = 0
configure:3279: gcc -V >&5
gcc: error: unrecognized option '-V'
gcc: fatal error: no input files
compilation terminated.
configure:3290: $? = 4
configure:3279: gcc -qversion >&5
gcc: error: unrecognized option '-qversion'
gcc: fatal error: no input files
compilation terminated.
configure:3290: $? = 4
configure:3310: checking whether the C compiler works
configure:3332: gcc    conftest.c  >&5
configure:3336: $? = 0
configure:3384: result: yes
configure:3387: checking for C compiler default output file name
configure:3389: result: a.out
configure:3395: checking for suffix of executables
configure:3402: gcc -o conftest    conftest.c  >&5
configure:3406: $? = 0
configure:3428: result: 
configure:3450: checking whether we are cross compiling
configure:3458: gcc -o conftest    conftest.c  >&5
configure:3462: $? = 0
configure:3469: ./conftest
configure:3473: $? = 0
configure:3488: result: no
configure:3493: checking for suffix of object files
configure:3515: gcc -c   conftest.c >&5
configure:3519: $? = 0
configure:3540: result: o
configure:3544: checking whether we are using the GNU C compiler
configure:3563: gcc -c   conftest.c >&5
configure:3563: $? = 0
configure:3572: result: yes
configure:3581: checking whether gcc accepts -g
configure:3601: gcc -c -g  conftest.c >&5
configure:3601: $? = 0
configure:3642: result: yes
configure:3659: checking for gcc option to accept ISO C89
configure:3723: gcc  -c -g -O2  conftest.c >&5
configure:3723: $? = 0
configure:3736: result: none needed
configure:3767: checking for style of include used by make
configure:3795: result: GNU
configure:3821: checking dependency style of gcc
configure:3932: result: gcc3
configure:3948: checking whether gcc and cc understand -c and -o together
configure:3979: gcc -c conftest.c -o conftest2.o >&5
configure:3983: $? = 0
configure:3989: gcc -c conftest.c -o conftest2.o >&5
configure:3993: $? = 0
configure:4004: cc -c conftest.c >&5
configure:4008: $? = 0
configure:4016: cc -c conftest.c -o conftest2.o >&5
configure:4020: $? = 0
configure:4026: cc -c conftest.c -o conftest2.o >&5
configure:4030: $? = 0
configure:4048: result: yes
configure:4133: checking build system type
configure:4147: result: x86_64-unknown-linux-gnu
configure:4167: checking host system type
configure:4180: result: x86_64-unknown-linux-gnu
configure:4221: checking how to print strings
configure:4248: result: printf
configure:4269: checking for a sed that does not truncate output
configure:4333: result: /bin/sed
configure:4351: checking for grep that handles long lines and -e
configure:4409: result: /bin/grep
configure:4414: checking for egrep
configure:4476: result: /bin/grep -E
configure:4481: checking for fgrep
configure:4543: result: /bin/grep -F
configure:4578: checking for ld used by gcc
configure:4645: result: /usr/bin/ld
configure:4652: checking if the linker (/usr/bin/ld) is GNU ld
configure:4667: result: yes
configure:4679: checking for BSD- or MS-compatible name lister (nm)
configure:4728: result: /usr/bin/nm -B
configure:4858: checking the name lister (/usr/bin/nm -B) interface
configure:4865: gcc -c -g -O2  conftest.c >&5
configure:4868: /usr/bin/nm -B "conftest.o"
configure:4871: output
0000000000000000 B some_variable
configure:4878: result: BSD nm
configure:4881: checking whether ln -s works
configure:4885: result: yes
configure:4893: checking the maximum length of command line arguments
configure:5023: result: 3458764513820540925
configure:5040: checking whether the shell understands some XSI constructs
configure:5050: result: yes
configure:5054: checking whether the shell understands "+="
configure:5060: result: yes
configure:5095: checking how to convert x86_64-unknown-linux-gnu file names to x86_64-unknown-linux-gnu format
configure:5135: result: func_convert_file_noop
configure:5142: checking how to convert x86_64-unknown-linux-gnu file names to toolchain format
configure:5162: result: func_convert_file_noop
configure:5169: checking for /usr/bin/ld option to reload object files
configure:5176: result: -r
configure:5250: checking for objdump
configure:5266: found /usr/bin/objdump
configure:5277: result: objdump
configure:5309: checking how to recognize dependent libraries
configure:5511: result: pass_all
configure:5596: checking for dlltool
configure:5626: result: no
configure:5656: checking how to associate runtime and link libraries
configure:5683: result: printf %s\n
configure:5744: checking for ar
configure:5760: found /usr/bin/ar
configure:5771: result: ar
configure:5808: checking for archiver @FILE support
configure:5825: gcc -c -g -O2  conftest.c >&5
configure:5825: $? = 0
configure:5828: ar cru libconftest.a @conftest.lst >&5
configure:5831: $? = 0
configure:5836: ar cru libconftest.a @conftest.lst >&5
ar: conftest.o: No such file or directory
configure:5839: $? = 1
configure:5851: result: @
configure:5909: checking for strip
configure:5925: found /usr/bin/strip
configure:5936: result: strip
configure:6008: checking for ranlib
configure:6024: found /usr/bin/ranlib
configure:6035: result: ranlib
configure:6137: checking command to parse /usr/bin/nm -B output from gcc object
configure:6257: gcc -c -g -O2  conftest.c >&5
configure:6260: $? = 0
configure:6264: /usr/bin/nm -B conftest.o \| sed -n -e 's/^.*[ ]\([ABCDGIRSTW][ABCDGIRSTW]*\)[ ][ ]*\([_A-Za-z][_A-Za-z0-9]*\)$/\1 \2 \2/p' | sed '/ __gnu_lto/d' \> conftest.nm
configure:6267: $? = 0
configure:6333: gcc -o conftest -g -O2   conftest.c conftstm.o >&5
configure:6336: $? = 0
configure:6374: result: ok
configure:6411: checking for sysroot
configure:6441: result: no
configure:6518: gcc -c -g -O2  conftest.c >&5
configure:6521: $? = 0
configure:6697: checking for mt
configure:6713: found /bin/mt
configure:6724: result: mt
configure:6747: checking if mt is a manifest tool
configure:6753: mt '-?'
configure:6761: result: no
configure:7403: checking how to run the C preprocessor
configure:7434: gcc -E  conftest.c
configure:7434: $? = 0
configure:7448: gcc -E  conftest.c
conftest.c:13:28: fatal error: ac_nonexistent.h: No such file or directory
compilation terminated.
configure:7448: $? = 1
configure: failed program was:
| /* confdefs.h */
| #define PACKAGE_NAME "bootstrapingproject"
| #define PACKAGE_TARNAME "bootstrapingproject"
| #define PACKAGE_VERSION "bootstrapingproject_version"
| #define PACKAGE_STRING "bootstrapingproject bootstrapingproject_version"
| #define PACKAGE_BUGREPORT "https://github.com/gwenp/bootstrapingproject/issues"
| #define PACKAGE_URL "https://github.com/gwenp/bootstrapingproject"
| #define RELEASE_NAME "Stupidly simple."
| #define VERSION_INFO "Development"
| #define PACKAGE "bootstrapingproject"
| #define VERSION "bootstrapingproject_version"
| /* end confdefs.h.  */
| #include <ac_nonexistent.h>
configure:7473: result: gcc -E
configure:7493: gcc -E  conftest.c
configure:7493: $? = 0
configure:7507: gcc -E  conftest.c
conftest.c:13:28: fatal error: ac_nonexistent.h: No such file or directory
compilation terminated.
configure:7507: $? = 1
configure: failed program was:
| /* confdefs.h */
| #define PACKAGE_NAME "bootstrapingproject"
| #define PACKAGE_TARNAME "bootstrapingproject"
| #define PACKAGE_VERSION "bootstrapingproject_version"
| #define PACKAGE_STRING "bootstrapingproject bootstrapingproject_version"
| #define PACKAGE_BUGREPORT "https://github.com/gwenp/bootstrapingproject/issues"
| #define PACKAGE_URL "https://github.com/gwenp/bootstrapingproject"
| #define RELEASE_NAME "Stupidly simple."
| #define VERSION_INFO "Development"
| #define PACKAGE "bootstrapingproject"
| #define VERSION "bootstrapingproject_version"
| /* end confdefs.h.  */
| #include <ac_nonexistent.h>
configure:7536: checking for ANSI C header files
configure:7556: gcc -c -g -O2  conftest.c >&5
configure:7556: $? = 0
configure:7629: gcc -o conftest -g -O2   conftest.c  >&5
configure:7629: $? = 0
configure:7629: ./conftest
configure:7629: $? = 0
configure:7640: result: yes
configure:7653: checking for sys/types.h
configure:7653: gcc -c -g -O2  conftest.c >&5
configure:7653: $? = 0
configure:7653: result: yes
configure:7653: checking for sys/stat.h
configure:7653: gcc -c -g -O2  conftest.c >&5
configure:7653: $? = 0
configure:7653: result: yes
configure:7653: checking for stdlib.h
configure:7653: gcc -c -g -O2  conftest.c >&5
configure:7653: $? = 0
configure:7653: result: yes
configure:7653: checking for string.h
configure:7653: gcc -c -g -O2  conftest.c >&5
configure:7653: $? = 0
configure:7653: result: yes
configure:7653: checking for memory.h
configure:7653: gcc -c -g -O2  conftest.c >&5
configure:7653: $? = 0
configure:7653: result: yes
configure:7653: checking for strings.h
configure:7653: gcc -c -g -O2  conftest.c >&5
configure:7653: $? = 0
configure:7653: result: yes
configure:7653: checking for inttypes.h
configure:7653: gcc -c -g -O2  conftest.c >&5
configure:7653: $? = 0
configure:7653: result: yes
configure:7653: checking for stdint.h
configure:7653: gcc -c -g -O2  conftest.c >&5
configure:7653: $? = 0
configure:7653: result: yes
configure:7653: checking for unistd.h
configure:7653: gcc -c -g -O2  conftest.c >&5
configure:7653: $? = 0
configure:7653: result: yes
configure:7667: checking for dlfcn.h
configure:7667: gcc -c -g -O2  conftest.c >&5
configure:7667: $? = 0
configure:7667: result: yes
configure:7843: checking for objdir
configure:7858: result: .libs
configure:8129: checking if gcc supports -fno-rtti -fno-exceptions
configure:8147: gcc -c -g -O2  -fno-rtti -fno-exceptions conftest.c >&5
cc1: warning: command line option '-fno-rtti' is valid for C++/ObjC++ but not for C [enabled by default]
configure:8151: $? = 0
configure:8164: result: no
configure:8491: checking for gcc option to produce PIC
configure:8498: result: -fPIC -DPIC
configure:8506: checking if gcc PIC flag -fPIC -DPIC works
configure:8524: gcc -c -g -O2  -fPIC -DPIC -DPIC conftest.c >&5
configure:8528: $? = 0
configure:8541: result: yes
configure:8570: checking if gcc static flag -static works
configure:8598: result: yes
configure:8613: checking if gcc supports -c -o file.o
configure:8634: gcc -c -g -O2  -o out/conftest2.o conftest.c >&5
configure:8638: $? = 0
configure:8660: result: yes
configure:8668: checking if gcc supports -c -o file.o
configure:8715: result: yes
configure:8748: checking whether the gcc linker (/usr/bin/ld -m elf_x86_64) supports shared libraries
configure:9905: result: yes
configure:9942: checking whether -lc should be explicitly linked in
configure:9950: gcc -c -g -O2  conftest.c >&5
configure:9953: $? = 0
configure:9968: gcc -shared  -fPIC -DPIC conftest.o  -v -Wl,-soname -Wl,conftest -o conftest 2\>\&1 \| /bin/grep  -lc  \>/dev/null 2\>\&1
configure:9971: $? = 0
configure:9985: result: no
configure:10145: checking dynamic linker characteristics
configure:10656: gcc -o conftest -g -O2   -Wl,-rpath -Wl,/foo conftest.c  >&5
configure:10656: $? = 0
configure:10890: result: GNU/Linux ld.so
configure:10997: checking how to hardcode library paths into programs
configure:11022: result: immediate
configure:11562: checking whether stripping libraries is possible
configure:11567: result: yes
configure:11602: checking if libtool supports shared libraries
configure:11604: result: yes
configure:11607: checking whether to build shared libraries
configure:11628: result: yes
configure:11631: checking whether to build static libraries
configure:11635: result: no
configure:11726: checking for pkg-config
configure:11744: found /usr/bin/pkg-config
configure:11756: result: /usr/bin/pkg-config
configure:11781: checking pkg-config is at least version 0.21
configure:11784: result: yes
configure:11881: checking for cos in -lm
configure:11906: gcc -o conftest -g -O2   conftest.c -lm   >&5
conftest.c:32:6: warning: conflicting types for built-in function 'cos' [enabled by default]
configure:11906: $? = 0
configure:11915: result: yes
configure:11951: checking for valac
configure:11969: found /usr/bin/valac
configure:11981: result: /usr/bin/valac
configure:11994: checking /usr/bin/valac is at least version 0.16.0
configure:12002: result: yes
configure:12023: checking for vapigen
configure:12041: found /usr/bin/vapigen
configure:12053: result: /usr/bin/vapigen
configure:12105: checking for glib-compile-resources
configure:12123: found /usr/bin/glib-compile-resources
configure:12135: result: /usr/bin/glib-compile-resources
configure:12150: checking for xmllint
configure:12168: found /usr/bin/xmllint
configure:12180: result: /usr/bin/xmllint
configure:12201: checking for BAMF
configure:12208: $PKG_CONFIG --exists --print-errors "$BAMF_PKGS"
Requested 'libbamf3 >= 0.4.0' but version of libbamf3 is 0.2.126
configure:12211: $? = 1
configure:12225: $PKG_CONFIG --exists --print-errors "$BAMF_PKGS"
Requested 'libbamf3 >= 0.4.0' but version of libbamf3 is 0.2.126
configure:12228: $? = 1
configure:12242: result: no
Requested 'libbamf3 >= 0.4.0' but version of libbamf3 is 0.2.126
configure:12289: checking for GEE_0_8
configure:12296: $PKG_CONFIG --exists --print-errors "gee-0.8"
Package gee-0.8 was not found in the pkg-config search path.
Perhaps you should add the directory containing `gee-0.8.pc'
to the PKG_CONFIG_PATH environment variable
No package 'gee-0.8' found
configure:12299: $? = 1
configure:12313: $PKG_CONFIG --exists --print-errors "gee-0.8"
Package gee-0.8 was not found in the pkg-config search path.
Perhaps you should add the directory containing `gee-0.8.pc'
to the PKG_CONFIG_PATH environment variable
No package 'gee-0.8' found
configure:12316: $? = 1
configure:12330: result: no
No package 'gee-0.8' found
configure:12389: checking for DBUSMENU
configure:12396: $PKG_CONFIG --exists --print-errors "$DBUSMENU_PKGS"
Package dbusmenu-glib-0.4 was not found in the pkg-config search path.
Perhaps you should add the directory containing `dbusmenu-glib-0.4.pc'
to the PKG_CONFIG_PATH environment variable
No package 'dbusmenu-glib-0.4' found
Package dbusmenu-gtk3-0.4 was not found in the pkg-config search path.
Perhaps you should add the directory containing `dbusmenu-gtk3-0.4.pc'
to the PKG_CONFIG_PATH environment variable
No package 'dbusmenu-gtk3-0.4' found
configure:12399: $? = 1
configure:12413: $PKG_CONFIG --exists --print-errors "$DBUSMENU_PKGS"
Package dbusmenu-glib-0.4 was not found in the pkg-config search path.
Perhaps you should add the directory containing `dbusmenu-glib-0.4.pc'
to the PKG_CONFIG_PATH environment variable
No package 'dbusmenu-glib-0.4' found
Package dbusmenu-gtk3-0.4 was not found in the pkg-config search path.
Perhaps you should add the directory containing `dbusmenu-gtk3-0.4.pc'
to the PKG_CONFIG_PATH environment variable
No package 'dbusmenu-gtk3-0.4' found
configure:12416: $? = 1
configure:12430: result: no
No package 'dbusmenu-glib-0.4' found
No package 'dbusmenu-gtk3-0.4' found
configure:12480: checking for BOOTSTRAPINGPROJECT_CORE
configure:12487: $PKG_CONFIG --exists --print-errors "$BOOTSTRAPINGPROJECT_CORE_PKGS"
configure:12490: $? = 0
configure:12504: $PKG_CONFIG --exists --print-errors "$BOOTSTRAPINGPROJECT_CORE_PKGS"
configure:12507: $? = 0
configure:12565: result: yes
configure:12910: checking whether NLS is requested
configure:12919: result: yes
configure:12937: checking for intltool >= 0.35.0
configure:12939: result: 0.50.2 found
configure:12947: checking for intltool-update
configure:12965: found /usr/bin/intltool-update
configure:12977: result: /usr/bin/intltool-update
configure:12987: checking for intltool-merge
configure:13005: found /usr/bin/intltool-merge
configure:13017: result: /usr/bin/intltool-merge
configure:13027: checking for intltool-extract
configure:13045: found /usr/bin/intltool-extract
configure:13057: result: /usr/bin/intltool-extract
configure:13211: checking for xgettext
configure:13229: found /usr/bin/xgettext
configure:13241: result: /usr/bin/xgettext
configure:13251: checking for msgmerge
configure:13269: found /usr/bin/msgmerge
configure:13281: result: /usr/bin/msgmerge
configure:13291: checking for msgfmt
configure:13309: found /usr/bin/msgfmt
configure:13321: result: /usr/bin/msgfmt
configure:13331: checking for gmsgfmt
configure:13362: result: /usr/bin/msgfmt
configure:13382: checking for perl
configure:13400: found /usr/bin/perl
configure:13412: result: /usr/bin/perl
configure:13423: checking for perl >= 5.8.1
configure:13430: result: 5.14.2
configure:13434: checking for XML::Parser
configure:13437: result: ok
configure:13462: gcc -o conftest -g -O2   conftest.c  >&5
configure:13462: $? = 0
configure:13658: creating ./config.status

## ---------------- ##
## Cache variables. ##
## ---------------- ##

ac_cv_build=x86_64-unknown-linux-gnu
ac_cv_c_compiler_gnu=yes
ac_cv_env_BAMF_CFLAGS_set=
ac_cv_env_BAMF_CFLAGS_value=
ac_cv_env_BAMF_LIBS_set=
ac_cv_env_BAMF_LIBS_value=
ac_cv_env_BOOTSTRAPINGPROJECT_CORE_CFLAGS_set=
ac_cv_env_BOOTSTRAPINGPROJECT_CORE_CFLAGS_value=
ac_cv_env_BOOTSTRAPINGPROJECT_CORE_LIBS_set=
ac_cv_env_BOOTSTRAPINGPROJECT_CORE_LIBS_value=
ac_cv_env_CC_set=
ac_cv_env_CC_value=
ac_cv_env_CFLAGS_set=
ac_cv_env_CFLAGS_value=
ac_cv_env_CPPFLAGS_set=
ac_cv_env_CPPFLAGS_value=
ac_cv_env_CPP_set=
ac_cv_env_CPP_value=
ac_cv_env_DBUSMENU_CFLAGS_set=
ac_cv_env_DBUSMENU_CFLAGS_value=
ac_cv_env_DBUSMENU_LIBS_set=
ac_cv_env_DBUSMENU_LIBS_value=
ac_cv_env_GEE_0_8_CFLAGS_set=
ac_cv_env_GEE_0_8_CFLAGS_value=
ac_cv_env_GEE_0_8_LIBS_set=
ac_cv_env_GEE_0_8_LIBS_value=
ac_cv_env_GLIB_COMPILE_RESOURCES_set=
ac_cv_env_GLIB_COMPILE_RESOURCES_value=
ac_cv_env_LDFLAGS_set=
ac_cv_env_LDFLAGS_value=
ac_cv_env_LIBS_set=
ac_cv_env_LIBS_value=
ac_cv_env_PKG_CONFIG_LIBDIR_set=
ac_cv_env_PKG_CONFIG_LIBDIR_value=
ac_cv_env_PKG_CONFIG_PATH_set=
ac_cv_env_PKG_CONFIG_PATH_value=
ac_cv_env_PKG_CONFIG_set=
ac_cv_env_PKG_CONFIG_value=
ac_cv_env_VALADOC_CFLAGS_set=
ac_cv_env_VALADOC_CFLAGS_value=
ac_cv_env_VALADOC_LIBS_set=
ac_cv_env_VALADOC_LIBS_value=
ac_cv_env_XMLLINT_set=
ac_cv_env_XMLLINT_value=
ac_cv_env_build_alias_set=
ac_cv_env_build_alias_value=
ac_cv_env_host_alias_set=
ac_cv_env_host_alias_value=
ac_cv_env_target_alias_set=
ac_cv_env_target_alias_value=
ac_cv_header_dlfcn_h=yes
ac_cv_header_inttypes_h=yes
ac_cv_header_memory_h=yes
ac_cv_header_stdc=yes
ac_cv_header_stdint_h=yes
ac_cv_header_stdlib_h=yes
ac_cv_header_string_h=yes
ac_cv_header_strings_h=yes
ac_cv_header_sys_stat_h=yes
ac_cv_header_sys_types_h=yes
ac_cv_header_unistd_h=yes
ac_cv_host=x86_64-unknown-linux-gnu
ac_cv_lib_m_cos=yes
ac_cv_objext=o
ac_cv_path_EGREP='/bin/grep -E'
ac_cv_path_FGREP='/bin/grep -F'
ac_cv_path_GLIB_COMPILE_RESOURCES=/usr/bin/glib-compile-resources
ac_cv_path_GMSGFMT=/usr/bin/msgfmt
ac_cv_path_GREP=/bin/grep
ac_cv_path_INTLTOOL_EXTRACT=/usr/bin/intltool-extract
ac_cv_path_INTLTOOL_MERGE=/usr/bin/intltool-merge
ac_cv_path_INTLTOOL_PERL=/usr/bin/perl
ac_cv_path_INTLTOOL_UPDATE=/usr/bin/intltool-update
ac_cv_path_MSGFMT=/usr/bin/msgfmt
ac_cv_path_MSGMERGE=/usr/bin/msgmerge
ac_cv_path_SED=/bin/sed
ac_cv_path_VALAC=/usr/bin/valac
ac_cv_path_VAPIGEN=/usr/bin/vapigen
ac_cv_path_XGETTEXT=/usr/bin/xgettext
ac_cv_path_XMLLINT=/usr/bin/xmllint
ac_cv_path_ac_pt_PKG_CONFIG=/usr/bin/pkg-config
ac_cv_path_install='/usr/bin/install -c'
ac_cv_path_mkdir=/bin/mkdir
ac_cv_prog_AWK=mawk
ac_cv_prog_CPP='gcc -E'
ac_cv_prog_ac_ct_AR=ar
ac_cv_prog_ac_ct_CC=gcc
ac_cv_prog_ac_ct_MANIFEST_TOOL=mt
ac_cv_prog_ac_ct_OBJDUMP=objdump
ac_cv_prog_ac_ct_RANLIB=ranlib
ac_cv_prog_ac_ct_STRIP=strip
ac_cv_prog_cc_c89=
ac_cv_prog_cc_g=yes
ac_cv_prog_cc_gcc_c_o=yes
ac_cv_prog_make_make_set=yes
am_cv_CC_dependencies_compiler_type=gcc3
am_cv_make_support_nested_variables=yes
am_cv_prog_tar_ustar=gnutar
lt_cv_ar_at_file=@
lt_cv_archive_cmds_need_lc=no
lt_cv_deplibs_check_method=pass_all
lt_cv_file_magic_cmd='$MAGIC_CMD'
lt_cv_file_magic_test_file=
lt_cv_ld_reload_flag=-r
lt_cv_nm_interface='BSD nm'
lt_cv_objdir=.libs
lt_cv_path_LD=/usr/bin/ld
lt_cv_path_NM='/usr/bin/nm -B'
lt_cv_path_mainfest_tool=no
lt_cv_prog_compiler_c_o=yes
lt_cv_prog_compiler_pic='-fPIC -DPIC'
lt_cv_prog_compiler_pic_works=yes
lt_cv_prog_compiler_rtti_exceptions=no
lt_cv_prog_compiler_static_works=yes
lt_cv_prog_gnu_ld=yes
lt_cv_sharedlib_from_linklib_cmd='printf %s\n'
lt_cv_shlibpath_overrides_runpath=no
lt_cv_sys_global_symbol_pipe='sed -n -e '\''s/^.*[	 ]\([ABCDGIRSTW][ABCDGIRSTW]*\)[	 ][	 ]*\([_A-Za-z][_A-Za-z0-9]*\)$/\1 \2 \2/p'\'' | sed '\''/ __gnu_lto/d'\'''
lt_cv_sys_global_symbol_to_c_name_address='sed -n -e '\''s/^: \([^ ]*\)[ ]*$/  {\"\1\", (void *) 0},/p'\'' -e '\''s/^[ABCDGIRSTW]* \([^ ]*\) \([^ ]*\)$/  {"\2", (void *) \&\2},/p'\'''
lt_cv_sys_global_symbol_to_c_name_address_lib_prefix='sed -n -e '\''s/^: \([^ ]*\)[ ]*$/  {\"\1\", (void *) 0},/p'\'' -e '\''s/^[ABCDGIRSTW]* \([^ ]*\) \(lib[^ ]*\)$/  {"\2", (void *) \&\2},/p'\'' -e '\''s/^[ABCDGIRSTW]* \([^ ]*\) \([^ ]*\)$/  {"lib\2", (void *) \&\2},/p'\'''
lt_cv_sys_global_symbol_to_cdecl='sed -n -e '\''s/^T .* \(.*\)$/extern int \1();/p'\'' -e '\''s/^[ABCDGIRSTW]* .* \(.*\)$/extern char \1;/p'\'''
lt_cv_sys_max_cmd_len=3458764513820540925
lt_cv_to_host_file_cmd=func_convert_file_noop
lt_cv_to_tool_file_cmd=func_convert_file_noop
pkg_cv_BOOTSTRAPINGPROJECT_CORE_CFLAGS='-pthread -DWNCK_I_KNOW_THIS_IS_UNSTABLE -I/usr/include/glib-2.0 -I/usr/lib/x86_64-linux-gnu/glib-2.0/include -I/usr/include/gio-unix-2.0/ -I/usr/include/gtk-3.0 -I/usr/include/pango-1.0 -I/usr/include/atk-1.0 -I/usr/include/cairo -I/usr/include/gdk-pixbuf-2.0 -I/usr/include/freetype2 -I/usr/include/pixman-1 -I/usr/include/libpng12 -I/usr/include/libbamf3 -I/usr/lib/x86_64-linux-gnu/libbamf3/include -I/usr/include/startup-notification-1.0 -I/usr/include/gee-1.0 -I/usr/include/libwnck-3.0  '
pkg_cv_BOOTSTRAPINGPROJECT_CORE_LIBS='-pthread -lgthread-2.0 -lrt -lbamf3 -lwnck-3 -lgtk-3 -lgdk-3 -latk-1.0 -lgio-2.0 -lpangocairo-1.0 -lgdk_pixbuf-2.0 -lcairo-gobject -lpango-1.0 -lcairo -lX11 -lgee -lgobject-2.0 -lglib-2.0  '

## ----------------- ##
## Output variables. ##
## ----------------- ##

ACLOCAL='${SHELL} /home/gwen/Programmation/vala/vala-bootstrapping-project/libtoolproject/missing --run aclocal-1.11'
ALL_LINGUAS=''
AMDEPBACKSLASH='\'
AMDEP_FALSE='#'
AMDEP_TRUE=''
AMTAR='$${TAR-tar}'
AM_BACKSLASH='\'
AM_DEFAULT_V='$(AM_DEFAULT_VERBOSITY)'
AM_DEFAULT_VERBOSITY='0'
AM_V='$(V)'
API_VERSION='0.2'
AR='ar'
AUTOCONF='${SHELL} /home/gwen/Programmation/vala/vala-bootstrapping-project/libtoolproject/missing --run autoconf'
AUTOHEADER='${SHELL} /home/gwen/Programmation/vala/vala-bootstrapping-project/libtoolproject/missing --run autoheader'
AUTOMAKE='${SHELL} /home/gwen/Programmation/vala/vala-bootstrapping-project/libtoolproject/missing --run automake-1.11'
AWK='mawk'
BAMF_CFLAGS=''
BAMF_LIBS=''
BOOTSTRAPINGPROJECT_CORE_CFLAGS='-pthread -DWNCK_I_KNOW_THIS_IS_UNSTABLE -I/usr/include/glib-2.0 -I/usr/lib/x86_64-linux-gnu/glib-2.0/include -I/usr/include/gio-unix-2.0/ -I/usr/include/gtk-3.0 -I/usr/include/pango-1.0 -I/usr/include/atk-1.0 -I/usr/include/cairo -I/usr/include/gdk-pixbuf-2.0 -I/usr/include/freetype2 -I/usr/include/pixman-1 -I/usr/include/libpng12 -I/usr/include/libbamf3 -I/usr/lib/x86_64-linux-gnu/libbamf3/include -I/usr/include/startup-notification-1.0 -I/usr/include/gee-1.0 -I/usr/include/libwnck-3.0  '
BOOTSTRAPINGPROJECT_CORE_LIBS='-pthread -lgthread-2.0 -lrt -lbamf3 -lwnck-3 -lgtk-3 -lgdk-3 -latk-1.0 -lgio-2.0 -lpangocairo-1.0 -lgdk_pixbuf-2.0 -lcairo-gobject -lpango-1.0 -lcairo -lX11 -lgee -lgobject-2.0 -lglib-2.0  '
BOOTSTRAPINGPROJECT_CORE_OPTIONAL_PKGS=''
BOOTSTRAPINGPROJECT_CORE_VALAFLAGS='--thread -g --target-glib=2.32 --pkg gio-unix-2.0                       --pkg gtk+-3.0                       --pkg gdk-x11-3.0                       --pkg gdk-pixbuf-2.0                       --pkg libbamf3                       --pkg libwnck-3.0                       --pkg posix                       --pkg x11 --pkg gee-1.0'
BOOTSTRAPINGPROJECT_DOCS_VALAFLAGS='--target-glib=2.32 --pkg gio-unix-2.0                       --pkg gtk+-3.0                       --pkg gdk-x11-3.0                       --pkg gdk-pixbuf-2.0                       --pkg libbamf3                       --pkg libwnck-3.0                       --pkg posix                       --pkg x11 --pkg gee-1.0'
BOOTSTRAPINGPROJECT_MAJOR_MINOR_VERSION='bootstrapingproject_major_minor_version'
CC='gcc'
CCDEPMODE='depmode=gcc3'
CFLAGS='-g -O2'
CPP='gcc -E'
CPPFLAGS=''
CYGPATH_W='echo'
DATADIRNAME='share'
DBUSMENU_CFLAGS=''
DBUSMENU_LIBS=''
DBUS_LAUNCH=''
DEFS='-DHAVE_CONFIG_H'
DEPDIR='.deps'
DLLTOOL='false'
DSYMUTIL=''
DUMPBIN=''
ECHO_C=''
ECHO_N='-n'
ECHO_T=''
EGREP='/bin/grep -E'
ENABLE_DOCS_FALSE=''
ENABLE_DOCS_TRUE='#'
EXEEXT=''
FGREP='/bin/grep -F'
GEE_0_8_CFLAGS=''
GEE_0_8_LIBS=''
GEE_DEPEND='gee-1.0'
GETTEXT_PACKAGE='bootstrapingproject'
GLIB_COMPILE_RESOURCES='/usr/bin/glib-compile-resources'
GMSGFMT='/usr/bin/msgfmt'
GREP='/bin/grep'
HAVE_BAMF_0_4_FALSE=''
HAVE_BAMF_0_4_TRUE='#'
HAVE_DBUSMENU_FALSE=''
HAVE_DBUSMENU_TRUE='#'
HAVE_GEE_0_8_FALSE=''
HAVE_GEE_0_8_TRUE='#'
HAVE_HEADLESS_TESTS_FALSE=''
HAVE_HEADLESS_TESTS_TRUE='#'
HAVE_VALADOC_FALSE=''
HAVE_VALADOC_TRUE='#'
INSTALL_DATA='${INSTALL} -m 644'
INSTALL_PROGRAM='${INSTALL}'
INSTALL_SCRIPT='${INSTALL}'
INSTALL_STRIP_PROGRAM='$(install_sh) -c -s'
INTLTOOL_CAVES_RULE='%.caves:     %.caves.in     $(INTLTOOL_MERGE) $(wildcard $(top_srcdir)/po/*.po) ; $(INTLTOOL_V_MERGE)LC_ALL=C $(INTLTOOL_MERGE) $(INTLTOOL_V_MERGE_OPTIONS) -d -u -c $(top_builddir)/po/.intltool-merge-cache $(top_srcdir)/po $< $@'
INTLTOOL_DESKTOP_RULE='%.desktop:   %.desktop.in   $(INTLTOOL_MERGE) $(wildcard $(top_srcdir)/po/*.po) ; $(INTLTOOL_V_MERGE)LC_ALL=C $(INTLTOOL_MERGE) $(INTLTOOL_V_MERGE_OPTIONS) -d -u -c $(top_builddir)/po/.intltool-merge-cache $(top_srcdir)/po $< $@'
INTLTOOL_DIRECTORY_RULE='%.directory: %.directory.in $(INTLTOOL_MERGE) $(wildcard $(top_srcdir)/po/*.po) ; $(INTLTOOL_V_MERGE)LC_ALL=C $(INTLTOOL_MERGE) $(INTLTOOL_V_MERGE_OPTIONS) -d -u -c $(top_builddir)/po/.intltool-merge-cache $(top_srcdir)/po $< $@'
INTLTOOL_EXTRACT='/usr/bin/intltool-extract'
INTLTOOL_KBD_RULE='%.kbd:       %.kbd.in       $(INTLTOOL_MERGE) $(wildcard $(top_srcdir)/po/*.po) ; $(INTLTOOL_V_MERGE)LC_ALL=C $(INTLTOOL_MERGE) $(INTLTOOL_V_MERGE_OPTIONS) -x -u -m -c $(top_builddir)/po/.intltool-merge-cache $(top_srcdir)/po $< $@'
INTLTOOL_KEYS_RULE='%.keys:      %.keys.in      $(INTLTOOL_MERGE) $(wildcard $(top_srcdir)/po/*.po) ; $(INTLTOOL_V_MERGE)LC_ALL=C $(INTLTOOL_MERGE) $(INTLTOOL_V_MERGE_OPTIONS) -k -u -c $(top_builddir)/po/.intltool-merge-cache $(top_srcdir)/po $< $@'
INTLTOOL_MERGE='/usr/bin/intltool-merge'
INTLTOOL_OAF_RULE='%.oaf:       %.oaf.in       $(INTLTOOL_MERGE) $(wildcard $(top_srcdir)/po/*.po) ; $(INTLTOOL_V_MERGE)LC_ALL=C $(INTLTOOL_MERGE) $(INTLTOOL_V_MERGE_OPTIONS) -o -p $(top_srcdir)/po $< $@'
INTLTOOL_PERL='/usr/bin/perl'
INTLTOOL_POLICY_RULE='%.policy:    %.policy.in    $(INTLTOOL_MERGE) $(wildcard $(top_srcdir)/po/*.po) ; $(INTLTOOL_V_MERGE)LC_ALL=C $(INTLTOOL_MERGE) $(INTLTOOL_V_MERGE_OPTIONS) -x -u -c $(top_builddir)/po/.intltool-merge-cache $(top_srcdir)/po $< $@'
INTLTOOL_PONG_RULE='%.pong:      %.pong.in      $(INTLTOOL_MERGE) $(wildcard $(top_srcdir)/po/*.po) ; $(INTLTOOL_V_MERGE)LC_ALL=C $(INTLTOOL_MERGE) $(INTLTOOL_V_MERGE_OPTIONS) -x -u -c $(top_builddir)/po/.intltool-merge-cache $(top_srcdir)/po $< $@'
INTLTOOL_PROP_RULE='%.prop:      %.prop.in      $(INTLTOOL_MERGE) $(wildcard $(top_srcdir)/po/*.po) ; $(INTLTOOL_V_MERGE)LC_ALL=C $(INTLTOOL_MERGE) $(INTLTOOL_V_MERGE_OPTIONS) -d -u -c $(top_builddir)/po/.intltool-merge-cache $(top_srcdir)/po $< $@'
INTLTOOL_SCHEMAS_RULE='%.schemas:   %.schemas.in   $(INTLTOOL_MERGE) $(wildcard $(top_srcdir)/po/*.po) ; $(INTLTOOL_V_MERGE)LC_ALL=C $(INTLTOOL_MERGE) $(INTLTOOL_V_MERGE_OPTIONS) -s -u -c $(top_builddir)/po/.intltool-merge-cache $(top_srcdir)/po $< $@'
INTLTOOL_SERVER_RULE='%.server:    %.server.in    $(INTLTOOL_MERGE) $(wildcard $(top_srcdir)/po/*.po) ; $(INTLTOOL_V_MERGE)LC_ALL=C $(INTLTOOL_MERGE) $(INTLTOOL_V_MERGE_OPTIONS) -o -u -c $(top_builddir)/po/.intltool-merge-cache $(top_srcdir)/po $< $@'
INTLTOOL_SERVICE_RULE='%.service: %.service.in   $(INTLTOOL_MERGE) $(wildcard $(top_srcdir)/po/*.po) ; $(INTLTOOL_V_MERGE)LC_ALL=C $(INTLTOOL_MERGE) $(INTLTOOL_V_MERGE_OPTIONS) -d -u -c $(top_builddir)/po/.intltool-merge-cache $(top_srcdir)/po $< $@'
INTLTOOL_SHEET_RULE='%.sheet:     %.sheet.in     $(INTLTOOL_MERGE) $(wildcard $(top_srcdir)/po/*.po) ; $(INTLTOOL_V_MERGE)LC_ALL=C $(INTLTOOL_MERGE) $(INTLTOOL_V_MERGE_OPTIONS) -x -u -c $(top_builddir)/po/.intltool-merge-cache $(top_srcdir)/po $< $@'
INTLTOOL_SOUNDLIST_RULE='%.soundlist: %.soundlist.in $(INTLTOOL_MERGE) $(wildcard $(top_srcdir)/po/*.po) ; $(INTLTOOL_V_MERGE)LC_ALL=C $(INTLTOOL_MERGE) $(INTLTOOL_V_MERGE_OPTIONS) -d -u -c $(top_builddir)/po/.intltool-merge-cache $(top_srcdir)/po $< $@'
INTLTOOL_THEME_RULE='%.theme:     %.theme.in     $(INTLTOOL_MERGE) $(wildcard $(top_srcdir)/po/*.po) ; $(INTLTOOL_V_MERGE)LC_ALL=C $(INTLTOOL_MERGE) $(INTLTOOL_V_MERGE_OPTIONS) -d -u -c $(top_builddir)/po/.intltool-merge-cache $(top_srcdir)/po $< $@'
INTLTOOL_UI_RULE='%.ui:        %.ui.in        $(INTLTOOL_MERGE) $(wildcard $(top_srcdir)/po/*.po) ; $(INTLTOOL_V_MERGE)LC_ALL=C $(INTLTOOL_MERGE) $(INTLTOOL_V_MERGE_OPTIONS) -x -u -c $(top_builddir)/po/.intltool-merge-cache $(top_srcdir)/po $< $@'
INTLTOOL_UPDATE='/usr/bin/intltool-update'
INTLTOOL_V_MERGE='$(INTLTOOL__v_MERGE_$(V))'
INTLTOOL_V_MERGE_OPTIONS='$(intltool__v_merge_options_$(V))'
INTLTOOL_XAM_RULE='%.xam:       %.xml.in       $(INTLTOOL_MERGE) $(wildcard $(top_srcdir)/po/*.po) ; $(INTLTOOL_V_MERGE)LC_ALL=C $(INTLTOOL_MERGE) $(INTLTOOL_V_MERGE_OPTIONS) -x -u -c $(top_builddir)/po/.intltool-merge-cache $(top_srcdir)/po $< $@'
INTLTOOL_XML_NOMERGE_RULE='%.xml:       %.xml.in       $(INTLTOOL_MERGE) ; $(INTLTOOL_V_MERGE)LC_ALL=C $(INTLTOOL_MERGE) $(INTLTOOL_V_MERGE_OPTIONS) -x -u --no-translations $< $@'
INTLTOOL_XML_RULE='%.xml:       %.xml.in       $(INTLTOOL_MERGE) $(wildcard $(top_srcdir)/po/*.po) ; $(INTLTOOL_V_MERGE)LC_ALL=C $(INTLTOOL_MERGE) $(INTLTOOL_V_MERGE_OPTIONS) -x -u -c $(top_builddir)/po/.intltool-merge-cache $(top_srcdir)/po $< $@'
INTLTOOL__v_MERGE_0='@echo "  ITMRG " $@;'
INTLTOOL__v_MERGE_='$(INTLTOOL__v_MERGE_$(AM_DEFAULT_VERBOSITY))'
LD='/usr/bin/ld -m elf_x86_64'
LDFLAGS=''
LIBM='-lm'
LIBOBJS=''
LIBS=''
LIBTOOL='$(SHELL) $(top_builddir)/libtool'
LIPO=''
LN_S='ln -s'
LTLIBOBJS=''
LT_AGE='0'
LT_CURRENT='0'
LT_REVISION='0'
MAINT='#'
MAINTAINER_MODE_FALSE=''
MAINTAINER_MODE_TRUE='#'
MAKEINFO='${SHELL} /home/gwen/Programmation/vala/vala-bootstrapping-project/libtoolproject/missing --run makeinfo'
MANIFEST_TOOL=':'
MKDIR_P='/bin/mkdir -p'
MSGFMT='/usr/bin/msgfmt'
MSGMERGE='/usr/bin/msgmerge'
NM='/usr/bin/nm -B'
NMEDIT=''
OBJDUMP='objdump'
OBJEXT='o'
OTOOL64=''
OTOOL=''
PACKAGE='bootstrapingproject'
PACKAGE_BUGREPORT='https://github.com/gwenp/bootstrapingproject/issues'
PACKAGE_NAME='bootstrapingproject'
PACKAGE_STRING='bootstrapingproject bootstrapingproject_version'
PACKAGE_TARNAME='bootstrapingproject'
PACKAGE_URL='https://github.com/gwenp/bootstrapingproject'
PACKAGE_VERSION='bootstrapingproject_version'
PATH_SEPARATOR=':'
PKG_CONFIG='/usr/bin/pkg-config'
PKG_CONFIG_LIBDIR=''
PKG_CONFIG_PATH=''
RANLIB='ranlib'
SED='/bin/sed'
SET_MAKE=''
SHELL='/bin/bash'
STRIP='strip'
USE_NLS='yes'
VALAC='/usr/bin/valac'
VALADOC=''
VALADOC_CFLAGS=''
VALADOC_LIBS=''
VAPIGEN='/usr/bin/vapigen'
VERSION='bootstrapingproject_version'
XGETTEXT='/usr/bin/xgettext'
XMLLINT='/usr/bin/xmllint'
XVFB_RUN=''
ac_ct_AR='ar'
ac_ct_CC='gcc'
ac_ct_DUMPBIN=''
am__EXEEXT_FALSE=''
am__EXEEXT_TRUE='#'
am__fastdepCC_FALSE='#'
am__fastdepCC_TRUE=''
am__include='include'
am__isrc=''
am__leading_dot='.'
am__nodep='_no'
am__quote=''
am__tar='tar --format=ustar -chf - "$$tardir"'
am__untar='tar -xf -'
bindir='${exec_prefix}/bin'
build='x86_64-unknown-linux-gnu'
build_alias=''
build_cpu='x86_64'
build_os='linux-gnu'
build_vendor='unknown'
datadir='${datarootdir}'
datarootdir='${prefix}/share'
docdir='${datarootdir}/doc/${PACKAGE_TARNAME}'
dvidir='${docdir}'
exec_prefix='${prefix}'
host='x86_64-unknown-linux-gnu'
host_alias=''
host_cpu='x86_64'
host_os='linux-gnu'
host_vendor='unknown'
htmldir='${docdir}'
includedir='${prefix}/include'
infodir='${datarootdir}/info'
install_sh='${SHELL} /home/gwen/Programmation/vala/vala-bootstrapping-project/libtoolproject/install-sh'
intltool__v_merge_options_0='-q'
intltool__v_merge_options_='$(intltool__v_merge_options_$(AM_DEFAULT_VERBOSITY))'
libdir='${exec_prefix}/lib'
libexecdir='${exec_prefix}/libexec'
localedir='${datarootdir}/locale'
localstatedir='${prefix}/var'
mandir='${datarootdir}/man'
mkdir_p='/bin/mkdir -p'
oldincludedir='/usr/include'
pdfdir='${docdir}'
prefix='/usr/local'
program_transform_name='s,x,x,'
psdir='${docdir}'
sbindir='${exec_prefix}/sbin'
sharedstatedir='${prefix}/com'
sysconfdir='${prefix}/etc'
target_alias=''

## ----------- ##
## confdefs.h. ##
## ----------- ##

/* confdefs.h */
#define PACKAGE_NAME "bootstrapingproject"
#define PACKAGE_TARNAME "bootstrapingproject"
#define PACKAGE_VERSION "bootstrapingproject_version"
#define PACKAGE_STRING "bootstrapingproject bootstrapingproject_version"
#define PACKAGE_BUGREPORT "https://github.com/gwenp/bootstrapingproject/issues"
#define PACKAGE_URL "https://github.com/gwenp/bootstrapingproject"
#define RELEASE_NAME "Stupidly simple."
#define VERSION_INFO "Development"
#define PACKAGE "bootstrapingproject"
#define VERSION "bootstrapingproject_version"
#define STDC_HEADERS 1
#define HAVE_SYS_TYPES_H 1
#define HAVE_SYS_STAT_H 1
#define HAVE_STDLIB_H 1
#define HAVE_STRING_H 1
#define HAVE_MEMORY_H 1
#define HAVE_STRINGS_H 1
#define HAVE_INTTYPES_H 1
#define HAVE_STDINT_H 1
#define HAVE_UNISTD_H 1
#define HAVE_DLFCN_H 1
#define LT_OBJDIR ".libs/"
#define GETTEXT_PACKAGE "bootstrapingproject"

configure: exit 0

## ---------------------- ##
## Running config.status. ##
## ---------------------- ##

This file was extended by bootstrapingproject config.status bootstrapingproject_version, which was
generated by GNU Autoconf 2.68.  Invocation command line was

  CONFIG_FILES    = 
  CONFIG_HEADERS  = 
  CONFIG_LINKS    = 
  CONFIG_COMMANDS = 
  $ ./config.status 

on gwen-elementary

config.status:1219: creating Makefile
config.status:1219: creating data/Makefile
config.status:1219: creating data/apport/Makefile
config.status:1219: creating data/icons/Makefile
config.status:1219: creating data/themes/Makefile
config.status:1219: creating lib/Makefile
config.status:1219: creating lib/bootstrapingproject.deps
config.status:1219: creating lib/bootstrapingproject.pc
config.status:1219: creating man/Makefile
config.status:1219: creating src/Makefile
config.status:1219: creating docs/Makefile
config.status:1219: creating po/Makefile.in
config.status:1219: creating tests/Makefile
config.status:1219: creating vapi/Makefile
config.status:1219: creating config.h
config.status:1400: config.h is unchanged
config.status:1448: executing depfiles commands
config.status:1448: executing libtool commands
config.status:1448: executing po/stamp-it commands
